# JRE version: OpenJDK Runtime Environment Temurin-17.0.5+8 (17.0.5+8) (build 17.0.5+8)
# Java VM: OpenJDK 64-Bit Server VM Temurin-17.0.5+8 (17.0.5+8, mixed mode, tiered, compressed oops, compressed class ptrs, g1 gc, windows-amd64)
GC Precious Log:
 CPUs: 4 total, 4 available
 Memory: 8073M
 Large Page Support: Disabled
 NUMA Support: Disabled
 Compressed Oops: Enabled (32-bit)
 Heap Region Size: 1M
 Heap Min Capacity: 8M
 Heap Initial Capacity: 128M
 Heap Max Capacity: 2020M
 Pre-touch: Disabled
 Parallel Workers: 4
 Concurrent Workers: 1
 Concurrent Refinement Workers: 4
 Periodic GC: Disabled
Heap:
 garbage-first heap   total 92160K, used 66051K [0x0000000081c00000, 0x0000000100000000)
  region size 1024K, 28 young (28672K), 3 survivors (3072K)
 Metaspace       used 79619K, committed 80128K, reserved 1122304K
  class space    used 10000K, committed 10240K, reserved 1048576K
GC Heap History (20 events):
Event: 7.237 GC heap before
{Heap before GC invocations=18 (full 0):
 garbage-first heap   total 167936K, used 125711K [0x0000000081c00000, 0x0000000100000000)
  region size 1024K, 98 young (100352K), 3 survivors (3072K)
 Metaspace       used 56353K, committed 56832K, reserved 1105920K
  class space    used 6808K, committed 7040K, reserved 1048576K
}
Event: 7.240 GC heap after
{Heap after GC invocations=19 (full 0):
 garbage-first heap   total 167936K, used 31065K [0x0000000081c00000, 0x0000000100000000)
  region size 1024K, 4 young (4096K), 4 survivors (4096K)
 Metaspace       used 56353K, committed 56832K, reserved 1105920K
  class space    used 6808K, committed 7040K, reserved 1048576K
}
Event: 7.503 GC heap before
{Heap before GC invocations=19 (full 0):
 garbage-first heap   total 167936K, used 63833K [0x0000000081c00000, 0x0000000100000000)
  region size 1024K, 38 young (38912K), 4 survivors (4096K)
 Metaspace       used 59983K, committed 60416K, reserved 1105920K
  class space    used 7251K, committed 7488K, reserved 1048576K
}
Event: 7.508 GC heap after
{Heap after GC invocations=20 (full 0):
 garbage-first heap   total 167936K, used 31575K [0x0000000081c00000, 0x0000000100000000)
  region size 1024K, 5 young (5120K), 5 survivors (5120K)
 Metaspace       used 59983K, committed 60416K, reserved 1105920K
  class space    used 7251K, committed 7488K, reserved 1048576K
}
Event: 8.292 GC heap before
{Heap before GC invocations=21 (full 0):
 garbage-first heap   total 126976K, used 101207K [0x0000000081c00000, 0x0000000100000000)
  region size 1024K, 74 young (75776K), 5 survivors (5120K)
 Metaspace       used 66907K, committed 67392K, reserved 1114112K
  class space    used 8422K, committed 8640K, reserved 1048576K
}
Event: 8.300 GC heap after
{Heap after GC invocations=22 (full 0):
 garbage-first heap   total 126976K, used 33096K [0x0000000081c00000, 0x0000000100000000)
  region size 1024K, 6 young (6144K), 6 survivors (6144K)
 Metaspace       used 66907K, committed 67392K, reserved 1114112K
  class space    used 8422K, committed 8640K, reserved 1048576K
}
Event: 9.732 GC heap before
{Heap before GC invocations=23 (full 0):
 garbage-first heap   total 119808K, used 97608K [0x0000000081c00000, 0x0000000100000000)
  region size 1024K, 70 young (71680K), 6 survivors (6144K)
 Metaspace       used 71727K, committed 72256K, reserved 1114112K
  class space    used 9088K, committed 9344K, reserved 1048576K
}
Event: 9.740 GC heap after
{Heap after GC invocations=24 (full 0):
 garbage-first heap   total 119808K, used 36684K [0x0000000081c00000, 0x0000000100000000)
  region size 1024K, 8 young (8192K), 8 survivors (8192K)
 Metaspace       used 71727K, committed 72256K, reserved 1114112K
  class space    used 9088K, committed 9344K, reserved 1048576K
}
Event: 49.708 GC heap before
{Heap before GC invocations=24 (full 0):
 garbage-first heap   total 119808K, used 98124K [0x0000000081c00000, 0x0000000100000000)
  region size 1024K, 68 young (69632K), 8 survivors (8192K)
 Metaspace       used 77273K, committed 77824K, reserved 1122304K
  class space    used 9822K, committed 10112K, reserved 1048576K
}
Event: 49.717 GC heap after
{Heap after GC invocations=25 (full 0):
 garbage-first heap   total 119808K, used 39353K [0x0000000081c00000, 0x0000000100000000)
  region size 1024K, 7 young (7168K), 7 survivors (7168K)
 Metaspace       used 77273K, committed 77824K, reserved 1122304K
  class space    used 9822K, committed 10112K, reserved 1048576K
}
Event: 288.439 GC heap before
{Heap before GC invocations=25 (full 0):
 garbage-first heap   total 119808K, used 58809K [0x0000000081c00000, 0x0000000100000000)
  region size 1024K, 27 young (27648K), 7 survivors (7168K)
 Metaspace       used 78618K, committed 79168K, reserved 1122304K
  class space    used 9975K, committed 10240K, reserved 1048576K
}
Event: 288.490 GC heap after
{Heap after GC invocations=26 (full 1):
 garbage-first heap   total 92160K, used 25976K [0x0000000081c00000, 0x0000000100000000)
  region size 1024K, 0 young (0K), 0 survivors (0K)
 Metaspace       used 78618K, committed 79168K, reserved 1122304K
  class space    used 9975K, committed 10240K, reserved 1048576K
}
Event: 288.720 GC heap before
{Heap before GC invocations=26 (full 1):
 garbage-first heap   total 92160K, used 73080K [0x0000000081c00000, 0x0000000100000000)
  region size 1024K, 47 young (48128K), 0 survivors (0K)
 Metaspace       used 78640K, committed 79168K, reserved 1122304K
  class space    used 9977K, committed 10240K, reserved 1048576K
}
Event: 288.724 GC heap after
{Heap after GC invocations=27 (full 1):
 garbage-first heap   total 92160K, used 31024K [0x0000000081c00000, 0x0000000100000000)
  region size 1024K, 5 young (5120K), 5 survivors (5120K)
 Metaspace       used 78640K, committed 79168K, reserved 1122304K
  class space    used 9977K, committed 10240K, reserved 1048576K
}
Event: 288.826 GC heap before
{Heap before GC invocations=27 (full 1):
 garbage-first heap   total 92160K, used 71984K [0x0000000081c00000, 0x0000000100000000)
  region size 1024K, 46 young (47104K), 5 survivors (5120K)
 Metaspace       used 78640K, committed 79168K, reserved 1122304K
  class space    used 9977K, committed 10240K, reserved 1048576K
}
Event: 288.831 GC heap after
{Heap after GC invocations=28 (full 1):
 garbage-first heap   total 92160K, used 35454K [0x0000000081c00000, 0x0000000100000000)
  region size 1024K, 5 young (5120K), 5 survivors (5120K)
 Metaspace       used 78640K, committed 79168K, reserved 1122304K
  class space    used 9977K, committed 10240K, reserved 1048576K
}
Event: 289.341 GC heap before
{Heap before GC invocations=28 (full 1):
 garbage-first heap   total 92160K, used 70270K [0x0000000081c00000, 0x0000000100000000)
  region size 1024K, 40 young (40960K), 5 survivors (5120K)
 Metaspace       used 78869K, committed 79424K, reserved 1122304K
  class space    used 9981K, committed 10240K, reserved 1048576K
}
Event: 289.347 GC heap after
{Heap after GC invocations=29 (full 1):
 garbage-first heap   total 92160K, used 39169K [0x0000000081c00000, 0x0000000100000000)
  region size 1024K, 4 young (4096K), 4 survivors (4096K)
 Metaspace       used 78869K, committed 79424K, reserved 1122304K
  class space    used 9981K, committed 10240K, reserved 1048576K
}
Event: 290.891 GC heap before
{Heap before GC invocations=29 (full 1):
 garbage-first heap   total 92160K, used 72961K [0x0000000081c00000, 0x0000000100000000)
  region size 1024K, 37 young (37888K), 4 survivors (4096K)
 Metaspace       used 79452K, committed 80000K, reserved 1122304K
  class space    used 9996K, committed 10240K, reserved 1048576K
}
Event: 290.897 GC heap after
{Heap after GC invocations=30 (full 1):
 garbage-first heap   total 92160K, used 41475K [0x0000000081c00000, 0x0000000100000000)
  region size 1024K, 3 young (3072K), 3 survivors (3072K)
 Metaspace       used 79452K, committed 80000K, reserved 1122304K
  class space    used 9996K, committed 10240K, reserved 1048576K
}

